[0.007s] Invoking command in '/home/ubuntu/ros_ws/build/ros2_gazebo_template': CMAKE_PREFIX_PATH=/opt/ros/humble /usr/bin/cmake --build /home/ubuntu/ros_ws/build/ros2_gazebo_template -- -j20 -l20
[0.037s] [35m[1mConsolidate compiler generated dependencies of target ros2_gazebo_template[0m
[0.059s] [ 50%] [32mBuilding CXX object CMakeFiles/ros2_gazebo_template.dir/src/ros2_gazebo_template.cpp.o[0m
[5.917s] [01m[K/home/ubuntu/ros_ws/src/ros2_gazebo_template/src/ros2_gazebo_template.cpp:[m[K In member function â€˜[01m[Kvirtual void gazebo::GazeboRosTemplate::Load(gazebo::physics::ModelPtr, sdf::v9::ElementPtr)[m[Kâ€™:
[5.917s] [01m[K/home/ubuntu/ros_ws/src/ros2_gazebo_template/src/ros2_gazebo_template.cpp:60:67:[m[K [01;31m[Kerror: [m[Kâ€˜[01m[KConnectWorldUpdateBegin[m[Kâ€™ is not a member of â€˜[01m[Kgazebo::event::Event[m[Kâ€™
[5.917s]    60 |                 impl_->update_connection_ = gazebo::event::Event::[01;31m[KConnectWorldUpdateBegin[m[K(
[5.917s]       |                                                                   [01;31m[K^~~~~~~~~~~~~~~~~~~~~~~[m[K
[5.923s] In file included from [01m[K/usr/include/gazebo-11/gazebo/plugins/ElevatorPlugin.hh:28[m[K,
[5.923s]                  from [01m[K/opt/ros/humble/include/gazebo_plugins/gazebo_ros_elevator.hpp:18[m[K,
[5.923s]                  from [01m[K/home/ubuntu/ros_ws/src/ros2_gazebo_template/src/ros2_gazebo_template.cpp:3[m[K:
[5.923s] [01m[K/home/ubuntu/ros_ws/src/ros2_gazebo_template/src/ros2_gazebo_template.cpp:[m[K In function â€˜[01m[Kgazebo::ModelPlugin* gazebo::RegisterPlugin()[m[Kâ€™:
[5.923s] [01m[K/home/ubuntu/ros_ws/src/ros2_gazebo_template/src/ros2_gazebo_template.cpp:77:34:[m[K [01;31m[Kerror: [m[Kexpected type-specifier before â€˜[01m[KGazeboTemplate[m[Kâ€™
[5.923s]    77 |         GZ_REGISTER_MODEL_PLUGIN([01;31m[KGazeboTemplate[m[K)
[5.923s]       |                                  [01;31m[K^~~~~~~~~~~~~~[m[K
[5.923s] [01m[K/usr/include/gazebo-11/gazebo/common/Plugin.hh:459:16:[m[K [01;36m[Knote: [m[Kin definition of macro â€˜[01m[KGZ_REGISTER_MODEL_PLUGIN[m[Kâ€™
[5.923s]   459 |     return new [01;36m[Kclassname[m[K();\
[5.923s]       |                [01;36m[K^~~~~~~~~[m[K
[5.923s] [01m[K/home/ubuntu/ros_ws/src/ros2_gazebo_template/src/ros2_gazebo_template.cpp:77:34:[m[K [01;31m[Kerror: [m[Kexpected â€˜[01m[K;[m[Kâ€™ before â€˜[01m[KGazeboTemplate[m[Kâ€™
[5.923s]    77 |         GZ_REGISTER_MODEL_PLUGIN([01;31m[KGazeboTemplate[m[K)
[5.923s]       |                                  [01;31m[K^~~~~~~~~~~~~~[m[K
[5.923s] [01m[K/usr/include/gazebo-11/gazebo/common/Plugin.hh:459:16:[m[K [01;36m[Knote: [m[Kin definition of macro â€˜[01m[KGZ_REGISTER_MODEL_PLUGIN[m[Kâ€™
[5.923s]   459 |     return new [01;36m[Kclassname[m[K();\
[5.923s]       |                [01;36m[K^~~~~~~~~[m[K
[5.929s] [01m[K/home/ubuntu/ros_ws/src/ros2_gazebo_template/src/ros2_gazebo_template.cpp:77:34:[m[K [01;31m[Kerror: [m[Kâ€˜[01m[KGazeboTemplate[m[Kâ€™ was not declared in this scope; did you mean â€˜[01m[KGazeboRosTemplate[m[Kâ€™?
[5.929s]    77 |         GZ_REGISTER_MODEL_PLUGIN([01;31m[KGazeboTemplate[m[K)
[5.929s]       |                                  [01;31m[K^~~~~~~~~~~~~~[m[K
[5.929s] [01m[K/usr/include/gazebo-11/gazebo/common/Plugin.hh:459:16:[m[K [01;36m[Knote: [m[Kin definition of macro â€˜[01m[KGZ_REGISTER_MODEL_PLUGIN[m[Kâ€™
[5.929s]   459 |     return new [01;36m[Kclassname[m[K();\
[5.929s]       |                [01;36m[K^~~~~~~~~[m[K
[8.935s] gmake[2]: *** [CMakeFiles/ros2_gazebo_template.dir/build.make:76ï¼šCMakeFiles/ros2_gazebo_template.dir/src/ros2_gazebo_template.cpp.o] é”™è¯¯ 1
[8.935s] gmake[1]: *** [CMakeFiles/Makefile2:137ï¼šCMakeFiles/ros2_gazebo_template.dir/all] é”™è¯¯ 2
[8.935s] gmake: *** [Makefile:146ï¼šall] é”™è¯¯ 2
[8.937s] Invoked command in '/home/ubuntu/ros_ws/build/ros2_gazebo_template' returned '2': CMAKE_PREFIX_PATH=/opt/ros/humble /usr/bin/cmake --build /home/ubuntu/ros_ws/build/ros2_gazebo_template -- -j20 -l20
