[0.009s] Invoking command in '/home/ubuntu/ros_ws/build/ros2_gazebo_template': CMAKE_PREFIX_PATH=/opt/ros/humble /usr/bin/cmake --build /home/ubuntu/ros_ws/build/ros2_gazebo_template -- -j20 -l20
[0.053s] [ 50%] [32mBuilding CXX object CMakeFiles/ros2_gazebo_template.dir/src/ros2_gazebo_template.cpp.o[0m
[5.948s] In file included from [01m[K/home/ubuntu/ros_ws/src/ros2_gazebo_template/src/ros2_gazebo_template.cpp:10[m[K:
[5.948s] [01m[K/home/ubuntu/ros_ws/src/ros2_gazebo_template/src/ros2_gazebo_template.hpp:20:17:[m[K [01;31m[Kerror: [m[KISO C++ forbids declaration of â€˜[01m[KGazeboRosTemplate[m[Kâ€™ with no type [[01;31m[K]8;;https://gcc.gnu.org/onlinedocs/gcc/Warning-Options.html#index-fpermissive-fpermissive]8;;[m[K]
[5.948s]    20 |         public: [01;31m[KGazeboRosTemplate[m[K();
[5.948s]       |                 [01;31m[K^~~~~~~~~~~~~~~~~[m[K
[5.948s] [01m[K/home/ubuntu/ros_ws/src/ros2_gazebo_template/src/ros2_gazebo_template.hpp:22:43:[m[K [01;31m[Kerror: [m[Kexpected class-name before â€˜[01m[K([m[Kâ€™ token
[5.948s]    22 |         public: virtual ~GazeboRosTemplate[01;31m[K([m[K);
[5.948s]       |                                           [01;31m[K^[m[K
[5.948s] [01m[K/home/ubuntu/ros_ws/src/ros2_gazebo_template/src/ros2_gazebo_template.hpp:28:26:[m[K [01;31m[Kerror: [m[Kâ€˜[01m[Kmsgs[m[Kâ€™ in namespace â€˜[01m[Kstd[m[Kâ€™ does not name a type
[5.948s]    28 |         OnMsg(const std::[01;31m[Kmsgs[m[K::msg::String::ConstSharedPtr msg);
[5.948s]       |                          [01;31m[K^~~~[m[K
[5.948s] [01m[K/home/ubuntu/ros_ws/src/ros2_gazebo_template/src/ros2_gazebo_template.hpp:28:35:[m[K [01;31m[Kerror: [m[Kexpected unqualified-id before â€˜[01m[K::[m[Kâ€™ token
[5.948s]    28 |         OnMsg(const std::msgs::msg[01;31m[K::[m[KString::ConstSharedPtr msg);
[5.948s]       |                                   [01;31m[K^~[m[K
[5.948s] [01m[K/home/ubuntu/ros_ws/src/ros2_gazebo_template/src/ros2_gazebo_template.hpp:28:35:[m[K [01;31m[Kerror: [m[Kexpected â€˜[01m[K)[m[Kâ€™ before â€˜[01m[K::[m[Kâ€™ token
[5.948s]    28 |         OnMsg[34m[K([m[Kconst std::msgs::msg[01;31m[K:[m[K[32m[K:[m[KString::ConstSharedPtr msg);
[5.948s]       |              [34m[K~[m[K                    [01;31m[K^[m[K[32m[K~[m[K
[5.948s]       |                                   [32m[K)[m[K
[5.948s] [01m[K/home/ubuntu/ros_ws/src/ros2_gazebo_template/src/ros2_gazebo_template.hpp:28:32:[m[K [01;31m[Kerror: [m[Kexpected â€˜[01m[K;[m[Kâ€™ at end of member declaration
[5.948s]    28 |         OnMsg(const std::msgs::[01;31m[Kmsg[m[K::String::ConstSharedPtr msg);
[5.948s]       |                                [01;31m[K^~~[m[K
[5.948s]       |                                   [32m[K;[m[K
[5.948s] [01m[K/home/ubuntu/ros_ws/src/ros2_gazebo_template/src/ros2_gazebo_template.hpp:28:37:[m[K [01;31m[Kerror: [m[Kâ€˜[01m[KString[m[Kâ€™ in namespace â€˜[01m[K::[m[Kâ€™ does not name a type
[5.948s]    28 |         OnMsg(const std::msgs::msg::[01;31m[KString[m[K::ConstSharedPtr msg);
[5.948s]       |                                     [01;31m[K^~~~~~[m[K
[5.998s] [01m[K/home/ubuntu/ros_ws/src/ros2_gazebo_template/src/ros2_gazebo_template.cpp:25:9:[m[K [01;31m[Kerror: [m[Kâ€˜[01m[KGazeboRosTemplate[m[Kâ€™ does not name a type; did you mean â€˜[01m[KGazeboTemplate[m[Kâ€™?
[5.998s]    25 |         [01;31m[KGazeboRosTemplate[m[K::GazeboRosTemplate()
[5.998s]       |         [01;31m[K^~~~~~~~~~~~~~~~~[m[K
[5.998s]       |         [32m[KGazeboTemplate[m[K
[6.002s] [01m[K/home/ubuntu/ros_ws/src/ros2_gazebo_template/src/ros2_gazebo_template.cpp:29:9:[m[K [01;31m[Kerror: [m[Kâ€˜[01m[KGazeboRosTemplate[m[Kâ€™ does not name a type; did you mean â€˜[01m[KGazeboTemplate[m[Kâ€™?
[6.002s]    29 |         [01;31m[KGazeboRosTemplate[m[K::~GazeboRosTemplate()
[6.002s]       |         [01;31m[K^~~~~~~~~~~~~~~~~[m[K
[6.002s]       |         [32m[KGazeboTemplate[m[K
[6.009s] [01m[K/home/ubuntu/ros_ws/src/ros2_gazebo_template/src/ros2_gazebo_template.cpp:[m[K In member function â€˜[01m[Kvirtual void gazebo::GazeboTemplate::Load(gazebo::physics::ModelPtr, sdf::v9::ElementPtr)[m[Kâ€™:
[6.009s] [01m[K/home/ubuntu/ros_ws/src/ros2_gazebo_template/src/ros2_gazebo_template.cpp:39:63:[m[K [01;31m[Kerror: [m[Kâ€˜[01m[Kget_qos[m[Kâ€™ was not declared in this scope
[6.009s]    39 |                 const gazebo_ros::QoS& qos = impl_->ros_node_>[01;31m[Kget_qos[m[K();
[6.009s]       |                                                               [01;31m[K^~~~~~~[m[K
[6.010s] [01m[K/home/ubuntu/ros_ws/src/ros2_gazebo_template/src/ros2_gazebo_template.cpp:48:36:[m[K [01;31m[Kerror: [m[Kâ€˜[01m[KGazeboRosTemplate[m[Kâ€™ is not a class, namespace, or enumeration
[6.010s]    48 |                         std::bind(&[01;31m[KGazeboRosTemplate[m[K::OnMsg, this, std::placeholders::_1)
[6.010s]       |                                    [01;31m[K^~~~~~~~~~~~~~~~~[m[K
[6.010s] [01m[K/home/ubuntu/ros_ws/src/ros2_gazebo_template/src/ros2_gazebo_template.cpp:60:67:[m[K [01;31m[Kerror: [m[Kâ€˜[01m[KConnectWorldUpdateBegin[m[Kâ€™ is not a member of â€˜[01m[Kgazebo::event::Event[m[Kâ€™
[6.010s]    60 |                 impl_->update_connection_ = gazebo::event::Event::[01;31m[KConnectWorldUpdateBegin[m[K(
[6.010s]       |                                                                   [01;31m[K^~~~~~~~~~~~~~~~~~~~~~~[m[K
[6.010s] [01m[K/home/ubuntu/ros_ws/src/ros2_gazebo_template/src/ros2_gazebo_template.cpp:61:36:[m[K [01;31m[Kerror: [m[Kâ€˜[01m[KGazeboRosTemplate[m[Kâ€™ is not a class, namespace, or enumeration
[6.010s]    61 |                         std::bind(&[01;31m[KGazeboRosTemplate[m[K::OnUpdate, this)
[6.010s]       |                                    [01;31m[K^~~~~~~~~~~~~~~~~[m[K
[6.010s] [01m[K/home/ubuntu/ros_ws/src/ros2_gazebo_template/src/ros2_gazebo_template.cpp:[m[K At global scope:
[6.010s] [01m[K/home/ubuntu/ros_ws/src/ros2_gazebo_template/src/ros2_gazebo_template.cpp:65:14:[m[K [01;31m[Kerror: [m[Kâ€˜[01m[KGazeboRosTemplate[m[Kâ€™ has not been declared
[6.010s]    65 |         void [01;31m[KGazeboRosTemplate[m[K::OnMsg(const std_msgs::msg::String::ConstSharedPtr _msg)
[6.010s]       |              [01;31m[K^~~~~~~~~~~~~~~~~[m[K
[6.026s] In file included from [01m[K/opt/ros/humble/include/rclcpp/rclcpp/client.hpp:40[m[K,
[6.026s]                  from [01m[K/opt/ros/humble/include/rclcpp/rclcpp/callback_group.hpp:24[m[K,
[6.026s]                  from [01m[K/opt/ros/humble/include/rclcpp/rclcpp/any_executable.hpp:20[m[K,
[6.026s]                  from [01m[K/opt/ros/humble/include/rclcpp/rclcpp/memory_strategy.hpp:25[m[K,
[6.026s]                  from [01m[K/opt/ros/humble/include/rclcpp/rclcpp/memory_strategies.hpp:18[m[K,
[6.026s]                  from [01m[K/opt/ros/humble/include/rclcpp/rclcpp/executor_options.hpp:20[m[K,
[6.027s]                  from [01m[K/opt/ros/humble/include/rclcpp/rclcpp/executor.hpp:37[m[K,
[6.027s]                  from [01m[K/opt/ros/humble/include/rclcpp/rclcpp/executors/multi_threaded_executor.hpp:25[m[K,
[6.027s]                  from [01m[K/opt/ros/humble/include/rclcpp/rclcpp/executors.hpp:21[m[K,
[6.027s]                  from [01m[K/opt/ros/humble/include/rclcpp/rclcpp/rclcpp.hpp:155[m[K,
[6.027s]                  from [01m[K/opt/ros/humble/include/gazebo_ros/node.hpp:18[m[K,
[6.027s]                  from [01m[K/home/ubuntu/ros_ws/src/ros2_gazebo_template/src/ros2_gazebo_template.cpp:4[m[K:
[6.027s] [01m[K/home/ubuntu/ros_ws/src/ros2_gazebo_template/src/ros2_gazebo_template.cpp:[m[K In function â€˜[01m[Kvoid gazebo::OnMsg(std_msgs::msg::String_<std::allocator<void> >::ConstSharedPtr)[m[Kâ€™:
[6.027s] [01m[K/home/ubuntu/ros_ws/src/ros2_gazebo_template/src/ros2_gazebo_template.cpp:67:29:[m[K [01;31m[Kerror: [m[Kâ€˜[01m[Kimpl_[m[Kâ€™ was not declared in this scope; did you mean â€˜[01m[Kmpl_[m[Kâ€™?
[6.027s]    67 |                 RCLCPP_INFO([01;31m[Kimpl_[m[K->ros_node_->get_logger(), "I heard!");
[6.027s]       |                             [01;31m[K^~~~~[m[K
[6.027s] [01m[K/home/ubuntu/ros_ws/src/ros2_gazebo_template/src/ros2_gazebo_template.cpp:67:17:[m[K [01;31m[Kerror: [m[Ktemplate argument 1 is invalid
[6.027s]    67 |                 [01;31m[KRCLCPP_INFO[m[K(impl_->ros_node_->get_logger(), "I heard!");
[6.027s]       |                 [01;31m[K^~~~~~~~~~~[m[K
[6.027s] [01m[K/home/ubuntu/ros_ws/src/ros2_gazebo_template/src/ros2_gazebo_template.cpp:67:17:[m[K [01;31m[Kerror: [m[Kâ€˜[01m[K<declaration error>[m[Kâ€™ is not a template [[01;31m[K]8;;https://gcc.gnu.org/onlinedocs/gcc/Warning-Options.html#index-fpermissive-fpermissive]8;;[m[K]
[6.027s]    67 |                 [01;31m[KRCLCPP_INFO[m[K(impl_->ros_node_->get_logger(), "I heard!");
[6.028s]       |                 [01;31m[K^~~~~~~~~~~[m[K
[6.028s] [01m[K/home/ubuntu/ros_ws/src/ros2_gazebo_template/src/ros2_gazebo_template.cpp:67:17:[m[K [01;31m[Kerror: [m[Ktemplate argument 1 is invalid
[6.028s]    67 |                 [01;31m[KRCLCPP_INFO[m[K(impl_->ros_node_->get_logger(), "I heard!");
[6.028s]       |                 [01;31m[K^~~~~~~~~~~[m[K
[6.028s] [01m[K/home/ubuntu/ros_ws/src/ros2_gazebo_template/src/ros2_gazebo_template.cpp:67:17:[m[K [01;31m[Kerror: [m[Kâ€˜[01m[K<declaration error>[m[Kâ€™ is not a template [[01;31m[K]8;;https://gcc.gnu.org/onlinedocs/gcc/Warning-Options.html#index-fpermissive-fpermissive]8;;[m[K]
[6.028s]    67 |                 [01;31m[KRCLCPP_INFO[m[K(impl_->ros_node_->get_logger(), "I heard!");
[6.028s]       |                 [01;31m[K^~~~~~~~~~~[m[K
[6.028s] [01m[K/home/ubuntu/ros_ws/src/ros2_gazebo_template/src/ros2_gazebo_template.cpp:67:17:[m[K [01;31m[Kerror: [m[Ktemplate argument 1 is invalid
[6.028s]    67 |                 [01;31m[KRCLCPP_INFO[m[K(impl_->ros_node_->get_logger(), "I heard!");
[6.028s]       |                 [01;31m[K^~~~~~~~~~~[m[K
[6.028s] [01m[K/home/ubuntu/ros_ws/src/ros2_gazebo_template/src/ros2_gazebo_template.cpp:[m[K At global scope:
[6.028s] [01m[K/home/ubuntu/ros_ws/src/ros2_gazebo_template/src/ros2_gazebo_template.cpp:70:14:[m[K [01;31m[Kerror: [m[Kâ€˜[01m[KGazeboRosTemplate[m[Kâ€™ has not been declared
[6.028s]    70 |         void [01;31m[KGazeboRosTemplate[m[K::OnUpdate()
[6.028s]       |              [01;31m[K^~~~~~~~~~~~~~~~~[m[K
[7.934s] gmake[2]: *** [CMakeFiles/ros2_gazebo_template.dir/build.make:76ï¼šCMakeFiles/ros2_gazebo_template.dir/src/ros2_gazebo_template.cpp.o] é”™è¯¯ 1
[7.934s] gmake[1]: *** [CMakeFiles/Makefile2:137ï¼šCMakeFiles/ros2_gazebo_template.dir/all] é”™è¯¯ 2
[7.934s] gmake: *** [Makefile:146ï¼šall] é”™è¯¯ 2
[7.936s] Invoked command in '/home/ubuntu/ros_ws/build/ros2_gazebo_template' returned '2': CMAKE_PREFIX_PATH=/opt/ros/humble /usr/bin/cmake --build /home/ubuntu/ros_ws/build/ros2_gazebo_template -- -j20 -l20
