[0.008s] Invoking command in '/home/ubuntu/ros_ws/build/ros2_gazebo_template': CMAKE_PREFIX_PATH=/opt/ros/humble /usr/bin/cmake --build /home/ubuntu/ros_ws/build/ros2_gazebo_template -- -j20 -l20
[0.049s] [ 50%] [32mBuilding CXX object CMakeFiles/ros2_gazebo_template.dir/src/ros2_gazebo_template.cpp.o[0m
[1.333s] In file included from [01m[K/home/ubuntu/ros_ws/src/ros2_gazebo_template/src/ros2_gazebo_template.cpp:10[m[K:
[1.333s] [01m[K/home/ubuntu/ros_ws/src/ros2_gazebo_template/src/ros2_gazebo_template.hpp:7:10:[m[K [01;31m[Kfatal error: [m[Kstd_msgs/msg/String.hpp: æ²¡æœ‰é‚£ä¸ªæ–‡ä»¶æˆ–ç›®å½•
[1.333s]     7 | #include [01;31m[K<std_msgs/msg/String.hpp>[m[K
[1.333s]       |          [01;31m[K^~~~~~~~~~~~~~~~~~~~~~~~~[m[K
[1.333s] compilation terminated.
[1.347s] gmake[2]: *** [CMakeFiles/ros2_gazebo_template.dir/build.make:76ï¼šCMakeFiles/ros2_gazebo_template.dir/src/ros2_gazebo_template.cpp.o] é”™è¯¯ 1
[1.347s] gmake[1]: *** [CMakeFiles/Makefile2:137ï¼šCMakeFiles/ros2_gazebo_template.dir/all] é”™è¯¯ 2
[1.348s] gmake: *** [Makefile:146ï¼šall] é”™è¯¯ 2
[1.350s] Invoked command in '/home/ubuntu/ros_ws/build/ros2_gazebo_template' returned '2': CMAKE_PREFIX_PATH=/opt/ros/humble /usr/bin/cmake --build /home/ubuntu/ros_ws/build/ros2_gazebo_template -- -j20 -l20
