[0.009s] Invoking command in '/home/ubuntu/ros_ws/build/ros2_gazebo_template': CMAKE_PREFIX_PATH=/opt/ros/humble /usr/bin/cmake --build /home/ubuntu/ros_ws/build/ros2_gazebo_template -- -j20 -l20
[0.049s] [35m[1mConsolidate compiler generated dependencies of target ros2_gazebo_template[0m
[0.067s] [ 50%] [32mBuilding CXX object CMakeFiles/ros2_gazebo_template.dir/src/ros2_gazebo_template.cpp.o[0m
[5.979s] [01m[K/home/ubuntu/ros_ws/src/ros2_gazebo_template/src/ros2_gazebo_template.cpp:[m[K In constructor â€˜[01m[Kgazebo::GazeboRosTemplate::GazeboRosTemplate()[m[Kâ€™:
[5.979s] [01m[K/home/ubuntu/ros_ws/src/ros2_gazebo_template/src/ros2_gazebo_template.cpp:26:42:[m[K [01;31m[Kerror: [m[Kâ€˜[01m[KGazeboRosTemplatePreivate[m[Kâ€™ was not declared in this scope; did you mean â€˜[01m[KGazeboRosTemplatePrivate[m[Kâ€™?
[5.979s]    26 |                 : impl_(std::make_unique<[01;31m[KGazeboRosTemplatePreivate[m[K>())
[5.979s]       |                                          [01;31m[K^~~~~~~~~~~~~~~~~~~~~~~~~[m[K
[5.980s]       |                                          [32m[KGazeboRosTemplatePrivate[m[K
[5.980s] [01m[K/home/ubuntu/ros_ws/src/ros2_gazebo_template/src/ros2_gazebo_template.cpp:26:68:[m[K [01;31m[Kerror: [m[Kno matching function for call to â€˜[01m[Kmake_unique<<expression error> >()[m[Kâ€™
[5.980s]    26 |                 : impl_([01;31m[Kstd::make_unique<GazeboRosTemplatePreivate>()[m[K)
[5.980s]       |                         [01;31m[K~~~~~~~~~~~~~~~~~~~~~~~~~~~~~~~~~~~~~~~~~~~^~[m[K
[5.980s] In file included from [01m[K/usr/include/c++/11/memory:76[m[K,
[5.980s]                  from [01m[K/usr/include/boost/function/function_base.hpp:16[m[K,
[5.980s]                  from [01m[K/usr/include/boost/function/detail/prologue.hpp:17[m[K,
[5.980s]                  from [01m[K/usr/include/boost/function.hpp:30[m[K,
[5.980s]                  from [01m[K/usr/include/gazebo-11/gazebo/physics/Model.hh:24[m[K,
[5.980s]                  from [01m[K/home/ubuntu/ros_ws/src/ros2_gazebo_template/src/ros2_gazebo_template.cpp:1[m[K:
[5.980s] [01m[K/usr/include/c++/11/bits/unique_ptr.h:961:5:[m[K [01;36m[Knote: [m[Kcandidate: â€˜[01m[Ktemplate<class _Tp, class ... _Args> typename std::_MakeUniq<_Tp>::__single_object std::make_unique(_Args&& ...)[m[Kâ€™
[5.980s]   961 |     [01;36m[Kmake_unique[m[K(_Args&&... __args)
[5.980s]       |     [01;36m[K^~~~~~~~~~~[m[K
[5.980s] [01m[K/usr/include/c++/11/bits/unique_ptr.h:961:5:[m[K [01;36m[Knote: [m[K  template argument deduction/substitution failed:
[5.980s] [01m[K/home/ubuntu/ros_ws/src/ros2_gazebo_template/src/ros2_gazebo_template.cpp:26:68:[m[K [01;31m[Kerror: [m[Ktemplate argument 1 is invalid
[5.980s]    26 |                 : impl_([01;31m[Kstd::make_unique<GazeboRosTemplatePreivate>()[m[K)
[5.980s]       |                         [01;31m[K~~~~~~~~~~~~~~~~~~~~~~~~~~~~~~~~~~~~~~~~~~~^~[m[K
[5.980s] In file included from [01m[K/usr/include/c++/11/memory:76[m[K,
[5.980s]                  from [01m[K/usr/include/boost/function/function_base.hpp:16[m[K,
[5.980s]                  from [01m[K/usr/include/boost/function/detail/prologue.hpp:17[m[K,
[5.981s]                  from [01m[K/usr/include/boost/function.hpp:30[m[K,
[5.981s]                  from [01m[K/usr/include/gazebo-11/gazebo/physics/Model.hh:24[m[K,
[5.981s]                  from [01m[K/home/ubuntu/ros_ws/src/ros2_gazebo_template/src/ros2_gazebo_template.cpp:1[m[K:
[5.981s] [01m[K/usr/include/c++/11/bits/unique_ptr.h:967:5:[m[K [01;36m[Knote: [m[Kcandidate: â€˜[01m[Ktemplate<class _Tp> typename std::_MakeUniq<_Tp>::__array std::make_unique(std::size_t)[m[Kâ€™
[5.981s]   967 |     [01;36m[Kmake_unique[m[K(size_t __num)
[5.981s]       |     [01;36m[K^~~~~~~~~~~[m[K
[5.981s] [01m[K/usr/include/c++/11/bits/unique_ptr.h:967:5:[m[K [01;36m[Knote: [m[K  template argument deduction/substitution failed:
[5.981s] [01m[K/home/ubuntu/ros_ws/src/ros2_gazebo_template/src/ros2_gazebo_template.cpp:26:68:[m[K [01;31m[Kerror: [m[Ktemplate argument 1 is invalid
[5.981s]    26 |                 : impl_([01;31m[Kstd::make_unique<GazeboRosTemplatePreivate>()[m[K)
[5.981s]       |                         [01;31m[K~~~~~~~~~~~~~~~~~~~~~~~~~~~~~~~~~~~~~~~~~~~^~[m[K
[5.981s] In file included from [01m[K/usr/include/c++/11/memory:76[m[K,
[5.981s]                  from [01m[K/usr/include/boost/function/function_base.hpp:16[m[K,
[5.981s]                  from [01m[K/usr/include/boost/function/detail/prologue.hpp:17[m[K,
[5.981s]                  from [01m[K/usr/include/boost/function.hpp:30[m[K,
[5.981s]                  from [01m[K/usr/include/gazebo-11/gazebo/physics/Model.hh:24[m[K,
[5.981s]                  from [01m[K/home/ubuntu/ros_ws/src/ros2_gazebo_template/src/ros2_gazebo_template.cpp:1[m[K:
[5.981s] [01m[K/usr/include/c++/11/bits/unique_ptr.h:973:5:[m[K [01;36m[Knote: [m[Kcandidate: â€˜[01m[Ktemplate<class _Tp, class ... _Args> typename std::_MakeUniq<_Tp>::__invalid_type std::make_unique(_Args&& ...)[m[Kâ€™ (deleted)
[5.981s]   973 |     [01;36m[Kmake_unique[m[K(_Args&&...) = delete;
[5.981s]       |     [01;36m[K^~~~~~~~~~~[m[K
[5.981s] [01m[K/usr/include/c++/11/bits/unique_ptr.h:973:5:[m[K [01;36m[Knote: [m[K  template argument deduction/substitution failed:
[5.981s] [01m[K/home/ubuntu/ros_ws/src/ros2_gazebo_template/src/ros2_gazebo_template.cpp:26:68:[m[K [01;31m[Kerror: [m[Ktemplate argument 1 is invalid
[5.981s]    26 |                 : impl_([01;31m[Kstd::make_unique<GazeboRosTemplatePreivate>()[m[K)
[5.981s]       |                         [01;31m[K~~~~~~~~~~~~~~~~~~~~~~~~~~~~~~~~~~~~~~~~~~~^~[m[K
[5.989s] [01m[K/home/ubuntu/ros_ws/src/ros2_gazebo_template/src/ros2_gazebo_template.cpp:[m[K In member function â€˜[01m[Kvirtual void gazebo::GazeboRosTemplate::Load(gazebo::physics::ModelPtr, sdf::v9::ElementPtr)[m[Kâ€™:
[5.989s] [01m[K/home/ubuntu/ros_ws/src/ros2_gazebo_template/src/ros2_gazebo_template.cpp:39:63:[m[K [01;31m[Kerror: [m[Kâ€˜[01m[Kget_qos[m[Kâ€™ was not declared in this scope
[5.989s]    39 |                 const gazebo_ros::QoS& qos = impl_->ros_node_>[01;31m[Kget_qos[m[K();
[5.989s]       |                                                               [01;31m[K^~~~~~~[m[K
[5.995s] [01m[K/home/ubuntu/ros_ws/src/ros2_gazebo_template/src/ros2_gazebo_template.cpp:60:67:[m[K [01;31m[Kerror: [m[Kâ€˜[01m[KConnectWorldUpdateBegin[m[Kâ€™ is not a member of â€˜[01m[Kgazebo::event::Event[m[Kâ€™
[5.995s]    60 |                 impl_->update_connection_ = gazebo::event::Event::[01;31m[KConnectWorldUpdateBegin[m[K(
[5.995s]       |                                                                   [01;31m[K^~~~~~~~~~~~~~~~~~~~~~~[m[K
[5.999s] In file included from [01m[K/usr/include/gazebo-11/gazebo/plugins/ElevatorPlugin.hh:28[m[K,
[5.999s]                  from [01m[K/opt/ros/humble/include/gazebo_plugins/gazebo_ros_elevator.hpp:18[m[K,
[5.999s]                  from [01m[K/home/ubuntu/ros_ws/src/ros2_gazebo_template/src/ros2_gazebo_template.cpp:3[m[K:
[5.999s] [01m[K/home/ubuntu/ros_ws/src/ros2_gazebo_template/src/ros2_gazebo_template.cpp:[m[K In function â€˜[01m[Kgazebo::ModelPlugin* gazebo::RegisterPlugin()[m[Kâ€™:
[5.999s] [01m[K/home/ubuntu/ros_ws/src/ros2_gazebo_template/src/ros2_gazebo_template.cpp:77:34:[m[K [01;31m[Kerror: [m[Kexpected type-specifier before â€˜[01m[KGazeboTemplate[m[Kâ€™
[5.999s]    77 |         GZ_REGISTER_MODEL_PLUGIN([01;31m[KGazeboTemplate[m[K)
[5.999s]       |                                  [01;31m[K^~~~~~~~~~~~~~[m[K
[5.999s] [01m[K/usr/include/gazebo-11/gazebo/common/Plugin.hh:459:16:[m[K [01;36m[Knote: [m[Kin definition of macro â€˜[01m[KGZ_REGISTER_MODEL_PLUGIN[m[Kâ€™
[5.999s]   459 |     return new [01;36m[Kclassname[m[K();\
[5.999s]       |                [01;36m[K^~~~~~~~~[m[K
[5.999s] [01m[K/home/ubuntu/ros_ws/src/ros2_gazebo_template/src/ros2_gazebo_template.cpp:77:34:[m[K [01;31m[Kerror: [m[Kexpected â€˜[01m[K;[m[Kâ€™ before â€˜[01m[KGazeboTemplate[m[Kâ€™
[5.999s]    77 |         GZ_REGISTER_MODEL_PLUGIN([01;31m[KGazeboTemplate[m[K)
[5.999s]       |                                  [01;31m[K^~~~~~~~~~~~~~[m[K
[5.999s] [01m[K/usr/include/gazebo-11/gazebo/common/Plugin.hh:459:16:[m[K [01;36m[Knote: [m[Kin definition of macro â€˜[01m[KGZ_REGISTER_MODEL_PLUGIN[m[Kâ€™
[5.999s]   459 |     return new [01;36m[Kclassname[m[K();\
[5.999s]       |                [01;36m[K^~~~~~~~~[m[K
[6.005s] [01m[K/home/ubuntu/ros_ws/src/ros2_gazebo_template/src/ros2_gazebo_template.cpp:77:34:[m[K [01;31m[Kerror: [m[Kâ€˜[01m[KGazeboTemplate[m[Kâ€™ was not declared in this scope; did you mean â€˜[01m[KGazeboRosTemplate[m[Kâ€™?
[6.005s]    77 |         GZ_REGISTER_MODEL_PLUGIN([01;31m[KGazeboTemplate[m[K)
[6.005s]       |                                  [01;31m[K^~~~~~~~~~~~~~[m[K
[6.005s] [01m[K/usr/include/gazebo-11/gazebo/common/Plugin.hh:459:16:[m[K [01;36m[Knote: [m[Kin definition of macro â€˜[01m[KGZ_REGISTER_MODEL_PLUGIN[m[Kâ€™
[6.005s]   459 |     return new [01;36m[Kclassname[m[K();\
[6.005s]       |                [01;36m[K^~~~~~~~~[m[K
[9.206s] gmake[2]: *** [CMakeFiles/ros2_gazebo_template.dir/build.make:76ï¼šCMakeFiles/ros2_gazebo_template.dir/src/ros2_gazebo_template.cpp.o] é”™è¯¯ 1
[9.206s] gmake[1]: *** [CMakeFiles/Makefile2:137ï¼šCMakeFiles/ros2_gazebo_template.dir/all] é”™è¯¯ 2
[9.206s] gmake: *** [Makefile:146ï¼šall] é”™è¯¯ 2
[9.208s] Invoked command in '/home/ubuntu/ros_ws/build/ros2_gazebo_template' returned '2': CMAKE_PREFIX_PATH=/opt/ros/humble /usr/bin/cmake --build /home/ubuntu/ros_ws/build/ros2_gazebo_template -- -j20 -l20
